Using pre-set license
Built from '2022.3/release' branch; Version is '2022.3.20f1 (61c2feb0970d) revision 6406910'; Using compiler version '192829333'; Build Type 'Release'
OS: 'Windows 10  (10.0.19045) 64bit Core' Language: 'en' Physical Memory: 8081 MB
BatchMode: 1, IsHumanControllingUs: 0, StartBugReporterOnCrash: 0, Is64bit: 1, IsPro: 1

COMMAND LINE ARGUMENTS:
C:\Program Files\Unity\Hub\Editor\2022.3.20f1\Editor\Unity.exe
-adb2
-batchMode
-noUpm
-name
AssetImportWorker3
-projectPath
C:/Users/HiveMind/PathFinder
-logFile
Logs/AssetImportWorker3.log
-srvPort
62162
Successfully changed project path to: C:/Users/HiveMind/PathFinder
C:/Users/HiveMind/PathFinder
[UnityMemory] Configuration Parameters - Can be set up in boot.config
    "memorysetup-bucket-allocator-granularity=16"
    "memorysetup-bucket-allocator-bucket-count=8"
    "memorysetup-bucket-allocator-block-size=33554432"
    "memorysetup-bucket-allocator-block-count=8"
    "memorysetup-main-allocator-block-size=16777216"
    "memorysetup-thread-allocator-block-size=16777216"
    "memorysetup-gfx-main-allocator-block-size=16777216"
    "memorysetup-gfx-thread-allocator-block-size=16777216"
    "memorysetup-cache-allocator-block-size=4194304"
    "memorysetup-typetree-allocator-block-size=2097152"
    "memorysetup-profiler-bucket-allocator-granularity=16"
    "memorysetup-profiler-bucket-allocator-bucket-count=8"
    "memorysetup-profiler-bucket-allocator-block-size=33554432"
    "memorysetup-profiler-bucket-allocator-block-count=8"
    "memorysetup-profiler-allocator-block-size=16777216"
    "memorysetup-profiler-editor-allocator-block-size=1048576"
    "memorysetup-temp-allocator-size-main=16777216"
    "memorysetup-job-temp-allocator-block-size=2097152"
    "memorysetup-job-temp-allocator-block-size-background=1048576"
    "memorysetup-job-temp-allocator-reduction-small-platforms=262144"
    "memorysetup-allocator-temp-initial-block-size-main=262144"
    "memorysetup-allocator-temp-initial-block-size-worker=262144"
    "memorysetup-temp-allocator-size-background-worker=32768"
    "memorysetup-temp-allocator-size-job-worker=262144"
    "memorysetup-temp-allocator-size-preload-manager=33554432"
    "memorysetup-temp-allocator-size-nav-mesh-worker=65536"
    "memorysetup-temp-allocator-size-audio-worker=65536"
    "memorysetup-temp-allocator-size-cloud-worker=32768"
    "memorysetup-temp-allocator-size-gi-baking-worker=262144"
    "memorysetup-temp-allocator-size-gfx=262144"
Player connection [19212] Host "[IP] 192.168.0.16 [Port] 0 [Flags] 2 [Guid] 1055429817 [EditorId] 1055429817 [Version] 1048832 [Id] WindowsEditor(7,DESKTOP-BML89SI) [Debug] 1 [PackageName] WindowsEditor [ProjectName] Editor" joined multi-casting on [225.0.0.222:54997]...

Player connection [19212] Host "[IP] 192.168.0.16 [Port] 0 [Flags] 2 [Guid] 1055429817 [EditorId] 1055429817 [Version] 1048832 [Id] WindowsEditor(7,DESKTOP-BML89SI) [Debug] 1 [PackageName] WindowsEditor [ProjectName] Editor" joined alternative multi-casting on [225.0.0.222:34997]...

[Physics::Module] Initialized MultithreadedJobDispatcher with 7 workers.
Refreshing native plugins compatible for Editor in 32.21 ms, found 3 plugins.
Preloading 0 native plugins for Editor in 0.00 ms.
Initialize engine version: 2022.3.20f1 (61c2feb0970d)
[Subsystems] Discovering subsystems at path C:/Program Files/Unity/Hub/Editor/2022.3.20f1/Editor/Data/Resources/UnitySubsystems
[Subsystems] Discovering subsystems at path C:/Users/HiveMind/PathFinder/Assets
GfxDevice: creating device client; threaded=0; jobified=0
Direct3D:
    Version:  Direct3D 11.0 [level 11.1]
    Renderer: NVIDIA GeForce GTX 1050 Ti (ID=0x1c8c)
    Vendor:   NVIDIA
    VRAM:     4018 MB
    Driver:   30.0.15.1278
Initialize mono
Mono path[0] = 'C:/Program Files/Unity/Hub/Editor/2022.3.20f1/Editor/Data/Managed'
Mono path[1] = 'C:/Program Files/Unity/Hub/Editor/2022.3.20f1/Editor/Data/MonoBleedingEdge/lib/mono/unityjit-win32'
Mono config path = 'C:/Program Files/Unity/Hub/Editor/2022.3.20f1/Editor/Data/MonoBleedingEdge/etc'
Using monoOptions --debugger-agent=transport=dt_socket,embedding=1,server=y,suspend=n,address=127.0.0.1:56904
Begin MonoManager ReloadAssembly
Registering precompiled unity dll's ...
Register platform support module: C:/Program Files/Unity/Hub/Editor/2022.3.20f1/Editor/Data/PlaybackEngines/WindowsStandaloneSupport/UnityEditor.WindowsStandalone.Extensions.dll
Registered in 0.013815 seconds.
- Loaded All Assemblies, in  0.543 seconds
Native extension for WindowsStandalone target not found
Mono: successfully reloaded assembly
- Finished resetting the current domain, in  0.322 seconds
Domain Reload Profiling: 864ms
	BeginReloadAssembly (233ms)
		ExecutionOrderSort (0ms)
		DisableScriptedObjects (0ms)
		BackupInstance (0ms)
		ReleaseScriptingObjects (0ms)
		CreateAndSetChildDomain (3ms)
	RebuildCommonClasses (47ms)
	RebuildNativeTypeToScriptingClass (12ms)
	initialDomainReloadingComplete (79ms)
	LoadAllAssembliesAndSetupDomain (170ms)
		LoadAssemblies (224ms)
		RebuildTransferFunctionScriptingTraits (0ms)
		AnalyzeDomain (166ms)
			TypeCache.Refresh (165ms)
				TypeCache.ScanAssembly (145ms)
			ScanForSourceGeneratedMonoScriptInfo (0ms)
			ResolveRequiredComponents (1ms)
	FinalizeReload (323ms)
		ReleaseScriptCaches (0ms)
		RebuildScriptCaches (0ms)
		SetupLoadedEditorAssemblies (253ms)
			LogAssemblyErrors (0ms)
			InitializePlatformSupportModulesInManaged (12ms)
			SetLoadedEditorAssemblies (10ms)
			RefreshPlugins (0ms)
			BeforeProcessingInitializeOnLoad (3ms)
			ProcessInitializeOnLoadAttributes (171ms)
			ProcessInitializeOnLoadMethodAttributes (57ms)
			AfterProcessingInitializeOnLoad (0ms)
			EditorAssembliesLoaded (1ms)
		ExecutionOrderSort2 (0ms)
		AwakeInstancesAfterBackupRestoration (0ms)
========================================================================
Worker process is ready to serve import requests
Begin MonoManager ReloadAssembly
- Loaded All Assemblies, in  1.517 seconds
Refreshing native plugins compatible for Editor in 14.43 ms, found 3 plugins.
Native extension for WindowsStandalone target not found
Package Manager log level set to [2]
[Package Manager] Server::EnsureServerProcessIsRunning -- launch failed, reason: Unity was launched with the -noUpm command-line argument
[Package Manager] UpmClient::Send -- Unable to send message (not connected to UPM process).
[Package Manager] Cannot connect to Unity Package Manager local server
Mono: successfully reloaded assembly
- Finished resetting the current domain, in  1.319 seconds
Domain Reload Profiling: 2833ms
	BeginReloadAssembly (280ms)
		ExecutionOrderSort (0ms)
		DisableScriptedObjects (7ms)
		BackupInstance (0ms)
		ReleaseScriptingObjects (0ms)
		CreateAndSetChildDomain (49ms)
	RebuildCommonClasses (70ms)
	RebuildNativeTypeToScriptingClass (16ms)
	initialDomainReloadingComplete (155ms)
	LoadAllAssembliesAndSetupDomain (991ms)
		LoadAssemblies (779ms)
		RebuildTransferFunctionScriptingTraits (0ms)
		AnalyzeDomain (378ms)
			TypeCache.Refresh (335ms)
				TypeCache.ScanAssembly (300ms)
			ScanForSourceGeneratedMonoScriptInfo (30ms)
			ResolveRequiredComponents (10ms)
	FinalizeReload (1321ms)
		ReleaseScriptCaches (0ms)
		RebuildScriptCaches (0ms)
		SetupLoadedEditorAssemblies (1036ms)
			LogAssemblyErrors (0ms)
			InitializePlatformSupportModulesInManaged (15ms)
			SetLoadedEditorAssemblies (11ms)
			RefreshPlugins (0ms)
			BeforeProcessingInitializeOnLoad (181ms)
			ProcessInitializeOnLoadAttributes (748ms)
			ProcessInitializeOnLoadMethodAttributes (62ms)
			AfterProcessingInitializeOnLoad (18ms)
			EditorAssembliesLoaded (1ms)
		ExecutionOrderSort2 (0ms)
		AwakeInstancesAfterBackupRestoration (17ms)
Launched and connected shader compiler UnityShaderCompiler.exe after 0.09 seconds
Refreshing native plugins compatible for Editor in 20.59 ms, found 3 plugins.
Preloading 0 native plugins for Editor in 0.00 ms.
Unloading 3132 Unused Serialized files (Serialized files now loaded: 0)
Unloading 32 unused Assets / (57.4 KB). Loaded Objects now: 3595.
Memory consumption went from 130.7 MB to 130.6 MB.
Total: 32.277400 ms (FindLiveObjects: 2.222300 ms CreateObjectMapping: 2.045500 ms MarkObjects: 20.105200 ms  DeleteObjects: 7.902600 ms)

AssetImportParameters requested are different than current active one (requested -> active):
  custom:scripting/monoscript/fileName/DrunkAStarSolver.cs: 89af0a5980b70144fc4ad66b2145402c -> ccf047c06831427025da9bc05f06edb8
  custom:scripting/monoscript/fileName/PathfingingManager.cs: 1b82cac8b6fb54b2aa1e437224edb167 -> 
  custom:container-demuxer-ogg: 62fdf1f143b41e24485cea50d1cbac27 -> 
  custom:video-decoder-ogg-theora: a1e56fd34408186e4bbccfd4996cb3dc -> 
  custom:scripting/monoscript/fileName/IVisitLedger.cs: 7ee89ccd5ec0de60a5bdb2635fb43773 -> a7c3150bd46762897d3d063c746efb39
  custom:framework-win-MediaFoundation: 216162199b28c13a410421893ffa2e32 -> 
  custom:scripting/monoscript/fileName/VectorIntUtils.cs: 047e5e6c3b324d904d787ba1499ac433 -> 8854ffd8c0f1ae40db8a952029785402
  custom:scripting/monoscript/fileName/SerialVisitLedger.cs: 1afe0d77fbe84b0610c0325e00aab666 -> eda81af267b18a054e3f93d4f07d6dd4
  custom:scripting/monoscript/fileName/SrtImporter.cs: f4c51e3942c75e660db61c1e477a4429 -> bc6c5e4c2e94fe5bed3f19618dd13ba7
  custom:CustomObjectIndexerAttribute: 6d391050e5a25f67b0a2c618074f2cd9 -> 
  custom:scripting/monoscript/fileName/GridManager.cs: 47e8a56e0c952487722b12ebb9030e1d -> fe799dde960e4bb1988396a0a051e934
  custom:scripting/monoscript/fileName/TwoBucketHeap.cs: 8f6297df34271fdb1ce2d9607ec6261d -> 90647cc400823b41df847a6cbfc29026
  custom:container-demuxer-webm: 4f35f7cbe854078d1ac9338744f61a02 -> 
  custom:scripting/monoscript/fileName/MapManager.cs: 27df7101b188d0e7d2d51a3e08dbb208 -> 89ce5ee00b54ffb31af84b803b3a81ec
  custom:scripting/monoscript/fileName/BinaryHeap.cs: 8f6297df34271fdb1ce2d9607ec6261d -> 90647cc400823b41df847a6cbfc29026
  custom:scripting/monoscript/fileName/IMapData.cs: 9788b1c84e8c0657ba77740715fb8161 -> 82e6fe3be23fd1e2ee9c6b81dfebfedb
  custom:container-muxer-webm: aa71ff27fc2769a1b78a27578f13a17b -> 
  custom:scripting/monoscript/fileName/StandertAStarSolver.cs: d04aa3be7cc9bae3f2d877a9d331ace5 -> 
  custom:scripting/monoscript/fileName/CharController.cs: 571221ef2a7d522b9421fa3f6afe5116 -> 30ef072a11d0632ff95fd0b50797ce3e
  custom:video-decoder-webm-vp8: 9c59270c3fd7afecdb556c50c9e8de78 -> 
  custom:SearchIndexIgnoredProperties: e643bd26f0fe6173181afceb89e7c659 -> 
  custom:AudioImporter_EditorPlatform: d09bf68614088b80899f8185d706f6e7 -> 
  custom:scripting/monoscript/fileName/StandartAStarSolver.cs: 5ce235fbf851be69956123e73c18ec03 -> ec7b9913c55032f77cb115a4085503b6
  custom:scripting/monoscript/fileName/CameraController.cs: 8c1552359b63a9cc2441f8476730760e -> 9afc567523072d385e7e839f14f42a40
  custom:scripting/monoscript/fileName/ISolver.cs: 938e24355bc38411bb04ffb9dfed4f7b -> bf9f6f6b335a3d4baed1f5912029aab3
  custom:video-encoder-webm-vp8: eb34c28f22e8b96e1ab97ce403110664 -> 
  custom:scripting/monoscript/fileName/LazyAStarSolver.cs: 017f0f754339af1088b3b297d8e081f2 -> c4cfd98d751c4244419ddde0975136c1
  custom:audio-decoder-ogg-vorbis: bf7c407c2cedff20999df2af8eb42d56 -> 
  custom:scripting/monoscript/fileName/EmptySpaceEventHandler.cs: df06e032801c0fc55432e981b1186890 -> 607576c36b5d2b1b093ba41adc06360f
  custom:scripting/monoscript/fileName/AStarSolver.cs: 64bdb1fd01c4eed72b24e503add4f1b5 -> 
  custom:scripting/monoscript/fileName/MapData.cs: 578221311f6f1aa3d9fc9abe6103bdf0 -> 6175c50d7c13aad5e6f3897b4210a539
  custom:scripting/monoscript/fileName/AStarNaiveSolver.cs: d04aa3be7cc9bae3f2d877a9d331ace5 -> 
  custom:audio-encoder-webm-vorbis: bf7c407c2cedff20999df2af8eb42d56 -> 
========================================================================
Received Import Request.
  Time since last request: 254509.330979 seconds.
  path: Assets/Scripts/Grid
  artifactKey: Guid(d707d17ddc16457b926eec14967f7176) Importer(815301076,1909f56bfc062723c751e8b465ee728b)
Start importing Assets/Scripts/Grid using Guid(d707d17ddc16457b926eec14967f7176) Importer(815301076,1909f56bfc062723c751e8b465ee728b)  -> (artifact id: 'd3701a42f75bda7db95400356adcfc1d') in 0.076893 seconds
Number of updated asset objects reloaded before import = 0
Number of asset objects unloaded after import = 0
========================================================================
Received Prepare
Begin MonoManager ReloadAssembly
- Loaded All Assemblies, in  0.708 seconds
Refreshing native plugins compatible for Editor in 6.88 ms, found 3 plugins.
Native extension for WindowsStandalone target not found
[Package Manager] Server::EnsureServerProcessIsRunning -- launch failed, reason: Unity was launched with the -noUpm command-line argument
[Package Manager] UpmClient::Send -- Unable to send message (not connected to UPM process).
[Package Manager] Cannot connect to Unity Package Manager local server
Mono: successfully reloaded assembly
- Finished resetting the current domain, in  2.040 seconds
Domain Reload Profiling: 2744ms
	BeginReloadAssembly (256ms)
		ExecutionOrderSort (0ms)
		DisableScriptedObjects (7ms)
		BackupInstance (0ms)
		ReleaseScriptingObjects (1ms)
		CreateAndSetChildDomain (45ms)
	RebuildCommonClasses (39ms)
	RebuildNativeTypeToScriptingClass (13ms)
	initialDomainReloadingComplete (43ms)
	LoadAllAssembliesAndSetupDomain (353ms)
		LoadAssemblies (485ms)
		RebuildTransferFunctionScriptingTraits (0ms)
		AnalyzeDomain (22ms)
			TypeCache.Refresh (9ms)
				TypeCache.ScanAssembly (0ms)
			ScanForSourceGeneratedMonoScriptInfo (0ms)
			ResolveRequiredComponents (10ms)
	FinalizeReload (2041ms)
		ReleaseScriptCaches (0ms)
		RebuildScriptCaches (0ms)
		SetupLoadedEditorAssemblies (742ms)
			LogAssemblyErrors (0ms)
			InitializePlatformSupportModulesInManaged (11ms)
			SetLoadedEditorAssemblies (10ms)
			RefreshPlugins (0ms)
			BeforeProcessingInitializeOnLoad (151ms)
			ProcessInitializeOnLoadAttributes (524ms)
			ProcessInitializeOnLoadMethodAttributes (32ms)
			AfterProcessingInitializeOnLoad (14ms)
			EditorAssembliesLoaded (0ms)
		ExecutionOrderSort2 (0ms)
		AwakeInstancesAfterBackupRestoration (10ms)
Refreshing native plugins compatible for Editor in 4.99 ms, found 3 plugins.
Preloading 0 native plugins for Editor in 0.00 ms.
Unloading 3101 Unused Serialized files (Serialized files now loaded: 0)
Unloading 23 unused Assets / (31.1 KB). Loaded Objects now: 3598.
Memory consumption went from 126.0 MB to 126.0 MB.
Total: 6.311700 ms (FindLiveObjects: 0.262800 ms CreateObjectMapping: 0.258400 ms MarkObjects: 4.536600 ms  DeleteObjects: 1.252700 ms)

Prepare: number of updated asset objects reloaded= 0
AssetImportParameters requested are different than current active one (requested -> active):
  custom:scripting/monoscript/fileName/DrunkAStarSolver.cs: 89af0a5980b70144fc4ad66b2145402c -> ccf047c06831427025da9bc05f06edb8
  custom:scripting/monoscript/fileName/PathfingingManager.cs: 1b82cac8b6fb54b2aa1e437224edb167 -> 
  custom:container-demuxer-ogg: 62fdf1f143b41e24485cea50d1cbac27 -> 
  custom:video-decoder-ogg-theora: a1e56fd34408186e4bbccfd4996cb3dc -> 
  custom:scripting/monoscript/fileName/IVisitLedger.cs: 7ee89ccd5ec0de60a5bdb2635fb43773 -> a7c3150bd46762897d3d063c746efb39
  custom:framework-win-MediaFoundation: 216162199b28c13a410421893ffa2e32 -> 
  custom:scripting/monoscript/fileName/VectorIntUtils.cs: 047e5e6c3b324d904d787ba1499ac433 -> 8854ffd8c0f1ae40db8a952029785402
  custom:scripting/monoscript/fileName/SerialVisitLedger.cs: 1afe0d77fbe84b0610c0325e00aab666 -> eda81af267b18a054e3f93d4f07d6dd4
  custom:scripting/monoscript/fileName/SrtImporter.cs: f4c51e3942c75e660db61c1e477a4429 -> bc6c5e4c2e94fe5bed3f19618dd13ba7
  custom:CustomObjectIndexerAttribute: 6d391050e5a25f67b0a2c618074f2cd9 -> 
  custom:scripting/monoscript/fileName/GridManager.cs: 47e8a56e0c952487722b12ebb9030e1d -> fe799dde960e4bb1988396a0a051e934
  custom:scripting/monoscript/fileName/TwoBucketHeap.cs: 8f6297df34271fdb1ce2d9607ec6261d -> 90647cc400823b41df847a6cbfc29026
  custom:container-demuxer-webm: 4f35f7cbe854078d1ac9338744f61a02 -> 
  custom:scripting/monoscript/fileName/MapManager.cs: 27df7101b188d0e7d2d51a3e08dbb208 -> 89ce5ee00b54ffb31af84b803b3a81ec
  custom:scripting/monoscript/fileName/BinaryHeap.cs: 8f6297df34271fdb1ce2d9607ec6261d -> 90647cc400823b41df847a6cbfc29026
  custom:scripting/monoscript/fileName/IMapData.cs: 9788b1c84e8c0657ba77740715fb8161 -> 82e6fe3be23fd1e2ee9c6b81dfebfedb
  custom:container-muxer-webm: aa71ff27fc2769a1b78a27578f13a17b -> 
  custom:scripting/monoscript/fileName/StandertAStarSolver.cs: d04aa3be7cc9bae3f2d877a9d331ace5 -> 
  custom:scripting/monoscript/fileName/CharController.cs: 571221ef2a7d522b9421fa3f6afe5116 -> 30ef072a11d0632ff95fd0b50797ce3e
  custom:video-decoder-webm-vp8: 9c59270c3fd7afecdb556c50c9e8de78 -> 
  custom:SearchIndexIgnoredProperties: e643bd26f0fe6173181afceb89e7c659 -> 
  custom:AudioImporter_EditorPlatform: d09bf68614088b80899f8185d706f6e7 -> 
  custom:scripting/monoscript/fileName/StandartAStarSolver.cs: 5ce235fbf851be69956123e73c18ec03 -> ec7b9913c55032f77cb115a4085503b6
  custom:scripting/monoscript/fileName/CameraController.cs: 8c1552359b63a9cc2441f8476730760e -> 9afc567523072d385e7e839f14f42a40
  custom:scripting/monoscript/fileName/ISolver.cs: 938e24355bc38411bb04ffb9dfed4f7b -> bf9f6f6b335a3d4baed1f5912029aab3
  custom:video-encoder-webm-vp8: eb34c28f22e8b96e1ab97ce403110664 -> 
  custom:scripting/monoscript/fileName/LazyAStarSolver.cs: 017f0f754339af1088b3b297d8e081f2 -> c4cfd98d751c4244419ddde0975136c1
  custom:audio-decoder-ogg-vorbis: bf7c407c2cedff20999df2af8eb42d56 -> 
  custom:scripting/monoscript/fileName/EmptySpaceEventHandler.cs: df06e032801c0fc55432e981b1186890 -> 607576c36b5d2b1b093ba41adc06360f
  custom:scripting/monoscript/fileName/AStarSolver.cs: 64bdb1fd01c4eed72b24e503add4f1b5 -> 
  custom:scripting/monoscript/fileName/MapData.cs: 578221311f6f1aa3d9fc9abe6103bdf0 -> 6175c50d7c13aad5e6f3897b4210a539
  custom:scripting/monoscript/fileName/AStarNaiveSolver.cs: d04aa3be7cc9bae3f2d877a9d331ace5 -> 
  custom:audio-encoder-webm-vorbis: bf7c407c2cedff20999df2af8eb42d56 -> 
